** ComfyUI startup time: 2024-02-23 13:48:56.273932
[2024-02-23 13:48] ** Platform: Linux
[2024-02-23 13:48] ** Python version: 3.10.10 (main, Mar 21 2023, 18:45:11) [GCC 11.2.0]
[2024-02-23 13:48] ** Python executable: /home/lunkwill/miniconda3/bin/python
[2024-02-23 13:48] ** Log path: /home/lunkwill/projects/Lemmy_mod_tools/comfyui.log
[2024-02-23 13:48] 
Prestartup times for custom nodes:
[2024-02-23 13:48]    0.0 seconds: /home/lunkwill/projects/ComfyUI/custom_nodes/ComfyUI-Manager
[2024-02-23 13:48] 
[2024-02-23 13:48] Total VRAM 16079 MB, total RAM 63991 MB
[2024-02-23 13:48] xformers version: 0.0.20
[2024-02-23 13:48] Set vram state to: NORMAL_VRAM
[2024-02-23 13:48] Device: cuda:0 NVIDIA GeForce RTX 4090 Laptop GPU : cudaMallocAsync
[2024-02-23 13:48] VAE dtype: torch.bfloat16
[2024-02-23 13:48] Using xformers cross attention
[2024-02-23 13:48] Searge-SDXL v4.3.1 in /home/lunkwill/projects/ComfyUI/custom_nodes/SeargeSDXL
[2024-02-23 13:48] Traceback (most recent call last):
  File "/home/lunkwill/projects/ComfyUI/nodes.py", line 1872, in load_custom_node
    module_spec.loader.exec_module(module)
  File "<frozen importlib._bootstrap_external>", line 883, in exec_module
  File "<frozen importlib._bootstrap>", line 241, in _call_with_frames_removed
  File "/home/lunkwill/projects/ComfyUI/custom_nodes/was-node-suite-comfyui-main/__init__.py", line 1, in <module>
    from .WAS_Node_Suite import NODE_CLASS_MAPPINGS
  File "/home/lunkwill/projects/ComfyUI/custom_nodes/was-node-suite-comfyui-main/WAS_Node_Suite.py", line 37, in <module>
    from numba import jit
  File "/home/lunkwill/.local/lib/python3.10/site-packages/numba/__init__.py", line 42, in <module>
    from numba.np.ufunc import (vectorize, guvectorize, threading_layer,
  File "/home/lunkwill/.local/lib/python3.10/site-packages/numba/np/ufunc/__init__.py", line 3, in <module>
    from numba.np.ufunc.decorators import Vectorize, GUVectorize, vectorize, guvectorize
  File "/home/lunkwill/.local/lib/python3.10/site-packages/numba/np/ufunc/decorators.py", line 3, in <module>
    from numba.np.ufunc import _internal
SystemError: initialization of _internal failed without raising an exception
[2024-02-23 13:48] 
[2024-02-23 13:48] Cannot import /home/lunkwill/projects/ComfyUI/custom_nodes/was-node-suite-comfyui-main module for custom nodes: initialization of _internal failed without raising an exception
[2024-02-23 13:49] ------------------------------------------
[2024-02-23 13:49] [34mComfyroll Studio v1.73 : [92m 170 Nodes Loaded[0m
[2024-02-23 13:49] ------------------------------------------
[2024-02-23 13:49] ** For changes, please see patch notes at https://github.com/Suzie1/ComfyUI_Comfyroll_CustomNodes/blob/main/Patch_Notes.md
[2024-02-23 13:49] ** For help, please see the wiki at https://github.com/Suzie1/ComfyUI_Comfyroll_CustomNodes/wiki
[2024-02-23 13:49] ------------------------------------------
/home/lunkwill/projects/ComfyUI/custom_nodes/comfyui_controlnet_aux/node_wrappers/dwpose.py:24: UserWarning: DWPose: Onnxruntime not found or doesn't come with acceleration providers, switch to OpenCV with CPU device. DWPose might run very slowly
  warnings.warn("DWPose: Onnxruntime not found or doesn't come with acceleration providers, switch to OpenCV with CPU device. DWPose might run very slowly")
[2024-02-23 13:49] ### Loading: ComfyUI-Impact-Pack (V4.66.4)
[2024-02-23 13:49] ### Loading: ComfyUI-Impact-Pack (Subpack: V0.4)
[2024-02-23 13:49] [Impact Pack] Wildcards loading done.
[2024-02-23 13:49] ### Loading: ComfyUI-Manager (V2.2.3)
[2024-02-23 13:49] ### ComfyUI Revision: 1917 [d76a04b6] | Released on '2024-01-17'
[2024-02-23 13:49] FETCH DATA from: https://raw.githubusercontent.com/ltdrdata/ComfyUI-Manager/main/custom-node-list.json
[2024-02-23 13:49] FETCH DATA from: https://raw.githubusercontent.com/ltdrdata/ComfyUI-Manager/main/extension-node-map.json
[2024-02-23 13:49] FETCH DATA from: https://raw.githubusercontent.com/ltdrdata/ComfyUI-Manager/main/model-list.json
[2024-02-23 13:49] FETCH DATA from: https://raw.githubusercontent.com/ltdrdata/ComfyUI-Manager/main/alter-list.json
[2024-02-23 13:49] [36mEfficiency Nodes:[0m Attempting to add Control Net options to the 'HiRes-Fix Script' Node (comfyui_controlnet_aux add-on)...[92mSuccess![0m
[2024-02-23 13:49] 
Import times for custom nodes:
[2024-02-23 13:49]    0.0 seconds: /home/lunkwill/projects/ComfyUI/custom_nodes/image-resize-comfyui
[2024-02-23 13:49]    0.0 seconds: /home/lunkwill/projects/ComfyUI/custom_nodes/comfyui-tooling-nodes
[2024-02-23 13:49]    0.0 seconds: /home/lunkwill/projects/ComfyUI/custom_nodes/masquerade-nodes-comfyui
[2024-02-23 13:49]    0.0 seconds: /home/lunkwill/projects/ComfyUI/custom_nodes/style_aligned_comfy
[2024-02-23 13:49]    0.0 seconds: /home/lunkwill/projects/ComfyUI/custom_nodes/ComfyUI_IPAdapter_plus
[2024-02-23 13:49]    0.0 seconds: /home/lunkwill/projects/ComfyUI/custom_nodes/comfy_PoP
[2024-02-23 13:49]    0.0 seconds: /home/lunkwill/projects/ComfyUI/custom_nodes/ComfyUI_UltimateSDUpscale
[2024-02-23 13:49]    0.0 seconds: /home/lunkwill/projects/ComfyUI/custom_nodes/efficiency-nodes-comfyui
[2024-02-23 13:49]    0.0 seconds: /home/lunkwill/projects/ComfyUI/custom_nodes/ComfyUI-Manager
[2024-02-23 13:49]    0.1 seconds: /home/lunkwill/projects/ComfyUI/custom_nodes/SeargeSDXL
[2024-02-23 13:49]    0.1 seconds: /home/lunkwill/projects/ComfyUI/custom_nodes/comfyui_controlnet_aux
[2024-02-23 13:49]    0.2 seconds: /home/lunkwill/projects/ComfyUI/custom_nodes/ComfyUI_Comfyroll_CustomNodes
[2024-02-23 13:49]    0.2 seconds: /home/lunkwill/projects/ComfyUI/custom_nodes/ComfyUI-Impact-Pack
[2024-02-23 13:49]    0.2 seconds (IMPORT FAILED): /home/lunkwill/projects/ComfyUI/custom_nodes/was-node-suite-comfyui-main
[2024-02-23 13:49]    0.3 seconds: /home/lunkwill/projects/ComfyUI/custom_nodes/comfyui_milehighstyler
[2024-02-23 13:49]    1.9 seconds: /home/lunkwill/projects/ComfyUI/custom_nodes/LCM_Inpaint-Outpaint_Comfy
[2024-02-23 13:49] 
[2024-02-23 13:49] Starting server
[2024-02-23 13:49] 
[2024-02-23 13:49] To see the GUI go to: http://127.0.0.1:8188
[2024-02-23 13:49] [ComfyUI-Manager] default cache updated: https://raw.githubusercontent.com/ltdrdata/ComfyUI-Manager/main/alter-list.json
[2024-02-23 13:49] [ComfyUI-Manager] default cache updated: https://raw.githubusercontent.com/ltdrdata/ComfyUI-Manager/main/custom-node-list.json
[2024-02-23 13:49] [ComfyUI-Manager] default cache updated: https://raw.githubusercontent.com/ltdrdata/ComfyUI-Manager/main/model-list.json
[2024-02-23 13:49] [ComfyUI-Manager] default cache updated: https://raw.githubusercontent.com/ltdrdata/ComfyUI-Manager/main/extension-node-map.json
[2024-02-23 13:49] got prompt
[2024-02-23 13:49] model_type EPS
[2024-02-23 13:49] adm 2560
[2024-02-23 13:49] Using xformers attention in VAE
[2024-02-23 13:49] Working with z of shape (1, 4, 32, 32) = 4096 dimensions.
[2024-02-23 13:49] Using xformers attention in VAE
[2024-02-23 13:49] Requested to load SDXLRefinerClipModel
[2024-02-23 13:49] Loading 1 new model
[2024-02-23 13:49] Requested to load AutoencoderKL
[2024-02-23 13:49] Loading 1 new model
[2024-02-23 13:49] Requested to load SDXLRefiner
[2024-02-23 13:49] Loading 1 new model
[2024-02-23 13:49] 
Stopped server
